<?xml version="1.0" encoding="UTF-8"?>
<testng-results total="1" passed="1" failed="0" skipped="0">
  <reporter-output>
  </reporter-output>
  <suite started-at="2022-02-27T18:26:55Z" name="Suite" finished-at="2022-02-27T18:27:08Z" duration-ms="13347">
    <groups>
    </groups>
    <test started-at="2022-02-27T18:26:55Z" name="Test" finished-at="2022-02-27T18:27:08Z" duration-ms="13347">
      <class name="maven.Chrome">
        <test-method signature="sample()[pri:0, instance:maven.Chrome@2462cb01]" started-at="2022-02-27T23:56:55Z" name="sample" finished-at="2022-02-27T23:57:08Z" duration-ms="13317" status="PASS">
          <reporter-output>
          </reporter-output>
        </test-method> <!-- sample -->
      </class> <!-- maven.Chrome -->
    </test> <!-- Test -->
  </suite> <!-- Suite -->
</testng-results>
