<?xml version="1.0" encoding="UTF-8"?>
<testng-results ignored="0" total="1" passed="1" failed="0" skipped="0">
  <reporter-output>
  </reporter-output>
  <suite started-at="2022-02-27T23:52:53 IST" name="Default suite" finished-at="2022-02-27T23:53:22 IST" duration-ms="29572">
    <groups>
    </groups>
    <test started-at="2022-02-27T23:52:53 IST" name="Default test" finished-at="2022-02-27T23:53:22 IST" duration-ms="29572">
      <class name="maven.Chrome">
        <test-method signature="sample()[pri:0, instance:maven.Chrome@140c9f39]" started-at="2022-02-27T23:52:53 IST" name="sample" finished-at="2022-02-27T23:53:22 IST" duration-ms="29413" status="PASS">
          <reporter-output>
          </reporter-output>
        </test-method> <!-- sample -->
      </class> <!-- maven.Chrome -->
    </test> <!-- Default test -->
  </suite> <!-- Default suite -->
</testng-results>
